<?xml version="1.0" encoding="UTF-8"?>
<robot generator="Robot 5.0.1 (Python 3.8.10 on linux)" generated="20220924 16:28:37.647" rpa="false" schemaversion="3">
<suite id="s1" name="Test" source="/home/amir/qa-apipage/test.robot">
<test id="s1-t1" name="Login" line="63">
<kw name="Login To Deriv">
<kw name="Open Browser" library="SeleniumLibrary">
<arg>https://app.deriv.com/account/api-token</arg>
<arg>chrome</arg>
<doc>Opens a new browser instance to the optional ``url``.</doc>
<msg timestamp="20220924 16:28:37.727" level="INFO">Opening browser 'chrome' to base url 'https://app.deriv.com/account/api-token'.</msg>
<status status="PASS" starttime="20220924 16:28:37.726" endtime="20220924 16:28:40.961"/>
</kw>
<kw name="Set Selenium Speed" library="SeleniumLibrary">
<arg>0.125</arg>
<doc>Sets the delay that is waited after each Selenium command.</doc>
<status status="PASS" starttime="20220924 16:28:40.962" endtime="20220924 16:28:40.962"/>
</kw>
<kw name="Maximize Browser Window" library="SeleniumLibrary">
<doc>Maximizes current browser window.</doc>
<status status="PASS" starttime="20220924 16:28:40.962" endtime="20220924 16:28:41.193"/>
</kw>
<kw name="Wait Until Page Contains Element" library="SeleniumLibrary">
<arg>${email_field}</arg>
<arg>100</arg>
<doc>Waits until the element ``locator`` appears on the current page.</doc>
<status status="PASS" starttime="20220924 16:28:41.193" endtime="20220924 16:28:44.039"/>
</kw>
<kw name="Input Text" library="SeleniumLibrary">
<arg>${email_field}</arg>
<arg>${nic_email}</arg>
<doc>Types the given ``text`` into the text field identified by ``locator``.</doc>
<msg timestamp="20220924 16:28:44.040" level="INFO">Typing text 'nicamirahmad@gmail.com' into text field '//input[@type='email']'.</msg>
<status status="PASS" starttime="20220924 16:28:44.039" endtime="20220924 16:28:44.560"/>
</kw>
<kw name="Input Text" library="SeleniumLibrary">
<arg>${pw_field}</arg>
<arg>${nic_pw}</arg>
<doc>Types the given ``text`` into the text field identified by ``locator``.</doc>
<msg timestamp="20220924 16:28:44.561" level="INFO">Typing text 'Abcd1234' into text field '//input[@type='password']'.</msg>
<status status="PASS" starttime="20220924 16:28:44.560" endtime="20220924 16:28:45.049"/>
</kw>
<kw name="Click Element" library="SeleniumLibrary">
<arg>//button[@type='submit']</arg>
<doc>Click the element identified by ``locator``.</doc>
<msg timestamp="20220924 16:28:45.050" level="INFO">Clicking element '//button[@type='submit']'.</msg>
<status status="PASS" starttime="20220924 16:28:45.050" endtime="20220924 16:28:47.786"/>
</kw>
<status status="PASS" starttime="20220924 16:28:37.726" endtime="20220924 16:28:47.787"/>
</kw>
<kw name="Wait Until Page Contains Element" library="SeleniumLibrary">
<arg>${token_field}</arg>
<arg>30</arg>
<doc>Waits until the element ``locator`` appears on the current page.</doc>
<status status="PASS" starttime="20220924 16:28:47.787" endtime="20220924 16:28:48.918"/>
</kw>
<status status="PASS" starttime="20220924 16:28:37.726" endtime="20220924 16:28:48.919"/>
</test>
<test id="s1-t2" name="tc1-verify if user can press 'create' button with valid token name, but no box selected" line="67">
<kw name="Press Keys" library="SeleniumLibrary">
<arg>${token_field}</arg>
<arg>CTRL+A+DELETE</arg>
<arg>${valid1}</arg>
<doc>Simulates the user pressing key(s) to an element or on the active browser.</doc>
<msg timestamp="20220924 16:28:48.923" level="INFO">Sending key(s) ('CTRL+A+DELETE', 'test_1') to //input[@name='token_name'] element.</msg>
<msg timestamp="20220924 16:28:49.481" level="INFO">Pressing special key CONTROL down.</msg>
<msg timestamp="20220924 16:28:49.481" level="INFO">Sending key A</msg>
<msg timestamp="20220924 16:28:49.481" level="INFO">Pressing special key DELETE down.</msg>
<msg timestamp="20220924 16:28:49.481" level="INFO">Releasing special key CONTROL.</msg>
<msg timestamp="20220924 16:28:49.481" level="INFO">Releasing special key DELETE.</msg>
<msg timestamp="20220924 16:28:49.617" level="INFO">Sending keys test_1</msg>
<status status="PASS" starttime="20220924 16:28:48.922" endtime="20220924 16:28:49.879"/>
</kw>
<kw name="Page Should Contain Element" library="SeleniumLibrary">
<arg>${disbaled_create_button}</arg>
<doc>Verifies that element ``locator`` is found on the current page.</doc>
<msg timestamp="20220924 16:28:50.025" level="INFO">Current page contains element '//button[@disabled]'.</msg>
<status status="PASS" starttime="20220924 16:28:49.880" endtime="20220924 16:28:50.025"/>
</kw>
<status status="PASS" starttime="20220924 16:28:48.920" endtime="20220924 16:28:50.025"/>
</test>
<test id="s1-t3" name="tc2a-verify if user can press 'create' button with invalid token name 1 (below min), 1 box selected" line="72">
<kw name="Check Read Checkbox">
<kw name="Wait Until Page Contains Element" library="SeleniumLibrary">
<arg>${read_container}</arg>
<doc>Waits until the element ``locator`` appears on the current page.</doc>
<status status="PASS" starttime="20220924 16:28:50.027" endtime="20220924 16:28:50.167"/>
</kw>
<kw name="Sleep" library="BuiltIn">
<arg>1</arg>
<doc>Pauses the test executed for the given time.</doc>
<msg timestamp="20220924 16:28:51.168" level="INFO">Slept 1 second</msg>
<status status="PASS" starttime="20220924 16:28:50.167" endtime="20220924 16:28:51.168"/>
</kw>
<kw name="Click Element" library="SeleniumLibrary">
<arg>${read_container}</arg>
<doc>Click the element identified by ``locator``.</doc>
<msg timestamp="20220924 16:28:51.169" level="INFO">Clicking element '//div[label/input[@name='read']]'.</msg>
<status status="PASS" starttime="20220924 16:28:51.168" endtime="20220924 16:28:51.501"/>
</kw>
<status status="PASS" starttime="20220924 16:28:50.026" endtime="20220924 16:28:51.501"/>
</kw>
<kw name="Press Keys" library="SeleniumLibrary">
<arg>${token_field}</arg>
<arg>CTRL+A+DELETE</arg>
<arg>${invalid1}</arg>
<doc>Simulates the user pressing key(s) to an element or on the active browser.</doc>
<msg timestamp="20220924 16:28:51.503" level="INFO">Sending key(s) ('CTRL+A+DELETE', '1') to //input[@name='token_name'] element.</msg>
<msg timestamp="20220924 16:28:52.048" level="INFO">Pressing special key CONTROL down.</msg>
<msg timestamp="20220924 16:28:52.048" level="INFO">Sending key A</msg>
<msg timestamp="20220924 16:28:52.048" level="INFO">Pressing special key DELETE down.</msg>
<msg timestamp="20220924 16:28:52.048" level="INFO">Releasing special key CONTROL.</msg>
<msg timestamp="20220924 16:28:52.048" level="INFO">Releasing special key DELETE.</msg>
<msg timestamp="20220924 16:28:52.218" level="INFO">Sending key 1</msg>
<status status="PASS" starttime="20220924 16:28:51.501" endtime="20220924 16:28:52.375"/>
</kw>
<kw name="Page Should Contain Element" library="SeleniumLibrary">
<arg>${disbaled_create_button}</arg>
<doc>Verifies that element ``locator`` is found on the current page.</doc>
<msg timestamp="20220924 16:28:52.514" level="INFO">Current page contains element '//button[@disabled]'.</msg>
<status status="PASS" starttime="20220924 16:28:52.375" endtime="20220924 16:28:52.514"/>
</kw>
<status status="PASS" starttime="20220924 16:28:50.026" endtime="20220924 16:28:52.515"/>
</test>
<test id="s1-t4" name="tc2b-verify if user can press 'create' button with invalid token name 2 (above max), 1 box selected" line="76">
<kw name="Press Keys" library="SeleniumLibrary">
<arg>${token_field}</arg>
<arg>CTRL+A+DELETE</arg>
<arg>${invalid2}</arg>
<doc>Simulates the user pressing key(s) to an element or on the active browser.</doc>
<msg timestamp="20220924 16:28:52.518" level="INFO">Sending key(s) ('CTRL+A+DELETE', 'Lorem_Ipsum_is_simply_dummy_text_of_the_printing_and_typesetting_industry_') to //input[@name='token_name'] element.</msg>
<msg timestamp="20220924 16:28:53.050" level="INFO">Pressing special key CONTROL down.</msg>
<msg timestamp="20220924 16:28:53.050" level="INFO">Sending key A</msg>
<msg timestamp="20220924 16:28:53.050" level="INFO">Pressing special key DELETE down.</msg>
<msg timestamp="20220924 16:28:53.050" level="INFO">Releasing special key CONTROL.</msg>
<msg timestamp="20220924 16:28:53.050" level="INFO">Releasing special key DELETE.</msg>
<msg timestamp="20220924 16:28:53.209" level="INFO">Sending keys Lorem_Ipsum_is_simply_dummy_text_of_the_printing_and_typesetting_industry_</msg>
<status status="PASS" starttime="20220924 16:28:52.517" endtime="20220924 16:28:54.277"/>
</kw>
<kw name="Page Should Contain Element" library="SeleniumLibrary">
<arg>${disbaled_create_button}</arg>
<doc>Verifies that element ``locator`` is found on the current page.</doc>
<msg timestamp="20220924 16:28:54.421" level="INFO">Current page contains element '//button[@disabled]'.</msg>
<status status="PASS" starttime="20220924 16:28:54.278" endtime="20220924 16:28:54.421"/>
</kw>
<status status="PASS" starttime="20220924 16:28:52.516" endtime="20220924 16:28:54.421"/>
</test>
<test id="s1-t5" name="tc2c-verify if user can press 'create' button with invalid token name 3 (symbols), 1 box selected" line="79">
<kw name="Press Keys" library="SeleniumLibrary">
<arg>${token_field}</arg>
<arg>CTRL+A+DELETE</arg>
<arg>${invalid3}</arg>
<doc>Simulates the user pressing key(s) to an element or on the active browser.</doc>
<msg timestamp="20220924 16:28:54.424" level="INFO">Sending key(s) ('CTRL+A+DELETE', 'test_!@#') to //input[@name='token_name'] element.</msg>
<msg timestamp="20220924 16:28:54.957" level="INFO">Pressing special key CONTROL down.</msg>
<msg timestamp="20220924 16:28:54.957" level="INFO">Sending key A</msg>
<msg timestamp="20220924 16:28:54.957" level="INFO">Pressing special key DELETE down.</msg>
<msg timestamp="20220924 16:28:54.957" level="INFO">Releasing special key CONTROL.</msg>
<msg timestamp="20220924 16:28:54.957" level="INFO">Releasing special key DELETE.</msg>
<msg timestamp="20220924 16:28:55.112" level="INFO">Sending keys test_!@#</msg>
<status status="PASS" starttime="20220924 16:28:54.423" endtime="20220924 16:28:55.358"/>
</kw>
<kw name="Page Should Contain Element" library="SeleniumLibrary">
<arg>${disbaled_create_button}</arg>
<doc>Verifies that element ``locator`` is found on the current page.</doc>
<msg timestamp="20220924 16:28:55.489" level="INFO">Current page contains element '//button[@disabled]'.</msg>
<status status="PASS" starttime="20220924 16:28:55.358" endtime="20220924 16:28:55.489"/>
</kw>
<status status="PASS" starttime="20220924 16:28:54.422" endtime="20220924 16:28:55.490"/>
</test>
<test id="s1-t6" name="tc3a-verify if user can create token with valid inputs" line="84">
<kw name="Press Keys" library="SeleniumLibrary">
<arg>${token_field}</arg>
<arg>CTRL+A+DELETE</arg>
<arg>${valid1}</arg>
<doc>Simulates the user pressing key(s) to an element or on the active browser.</doc>
<msg timestamp="20220924 16:28:55.493" level="INFO">Sending key(s) ('CTRL+A+DELETE', 'test_1') to //input[@name='token_name'] element.</msg>
<msg timestamp="20220924 16:28:56.018" level="INFO">Pressing special key CONTROL down.</msg>
<msg timestamp="20220924 16:28:56.018" level="INFO">Sending key A</msg>
<msg timestamp="20220924 16:28:56.018" level="INFO">Pressing special key DELETE down.</msg>
<msg timestamp="20220924 16:28:56.018" level="INFO">Releasing special key CONTROL.</msg>
<msg timestamp="20220924 16:28:56.018" level="INFO">Releasing special key DELETE.</msg>
<msg timestamp="20220924 16:28:56.162" level="INFO">Sending keys test_1</msg>
<status status="PASS" starttime="20220924 16:28:55.492" endtime="20220924 16:28:56.364"/>
</kw>
<kw name="Click Element" library="SeleniumLibrary">
<arg>${create_button}</arg>
<doc>Click the element identified by ``locator``.</doc>
<msg timestamp="20220924 16:28:56.364" level="INFO">Clicking element '//button[@class='dc-btn dc-btn__effect dc-btn--primary dc-btn__large dc-btn__button-group da-api-token__button']'.</msg>
<status status="PASS" starttime="20220924 16:28:56.364" endtime="20220924 16:28:56.684"/>
</kw>
<status status="PASS" starttime="20220924 16:28:55.491" endtime="20220924 16:28:56.685"/>
</test>
<test id="s1-t7" name="tc3b-verify if user can create token with valid input (onlyletters)" line="87">
<kw name="Check Read Checkbox">
<kw name="Wait Until Page Contains Element" library="SeleniumLibrary">
<arg>${read_container}</arg>
<doc>Waits until the element ``locator`` appears on the current page.</doc>
<status status="PASS" starttime="20220924 16:28:56.686" endtime="20220924 16:28:56.823"/>
</kw>
<kw name="Sleep" library="BuiltIn">
<arg>1</arg>
<doc>Pauses the test executed for the given time.</doc>
<msg timestamp="20220924 16:28:57.823" level="INFO">Slept 1 second</msg>
<status status="PASS" starttime="20220924 16:28:56.823" endtime="20220924 16:28:57.823"/>
</kw>
<kw name="Click Element" library="SeleniumLibrary">
<arg>${read_container}</arg>
<doc>Click the element identified by ``locator``.</doc>
<msg timestamp="20220924 16:28:57.824" level="INFO">Clicking element '//div[label/input[@name='read']]'.</msg>
<status status="PASS" starttime="20220924 16:28:57.823" endtime="20220924 16:28:58.123"/>
</kw>
<status status="PASS" starttime="20220924 16:28:56.686" endtime="20220924 16:28:58.123"/>
</kw>
<kw name="Check Payment Checkbox">
<kw name="Wait Until Page Contains Element" library="SeleniumLibrary">
<arg>${payment_container}</arg>
<doc>Waits until the element ``locator`` appears on the current page.</doc>
<status status="PASS" starttime="20220924 16:28:58.123" endtime="20220924 16:28:58.259"/>
</kw>
<kw name="Sleep" library="BuiltIn">
<arg>1</arg>
<doc>Pauses the test executed for the given time.</doc>
<msg timestamp="20220924 16:28:59.260" level="INFO">Slept 1 second</msg>
<status status="PASS" starttime="20220924 16:28:58.259" endtime="20220924 16:28:59.260"/>
</kw>
<kw name="Click Element" library="SeleniumLibrary">
<arg>${payment_container}</arg>
<doc>Click the element identified by ``locator``.</doc>
<msg timestamp="20220924 16:28:59.261" level="INFO">Clicking element '//div[label/input[@name='payments']]'.</msg>
<status status="PASS" starttime="20220924 16:28:59.260" endtime="20220924 16:28:59.569"/>
</kw>
<status status="PASS" starttime="20220924 16:28:58.123" endtime="20220924 16:28:59.569"/>
</kw>
<kw name="Press Keys" library="SeleniumLibrary">
<arg>${token_field}</arg>
<arg>CTRL+A+DELETE</arg>
<arg>deletelater_shouldbedeleted</arg>
<doc>Simulates the user pressing key(s) to an element or on the active browser.</doc>
<msg timestamp="20220924 16:28:59.570" level="INFO">Sending key(s) ('CTRL+A+DELETE', 'deletelater_shouldbedeleted') to //input[@name='token_name'] element.</msg>
<msg timestamp="20220924 16:29:00.114" level="INFO">Pressing special key CONTROL down.</msg>
<msg timestamp="20220924 16:29:00.114" level="INFO">Sending key A</msg>
<msg timestamp="20220924 16:29:00.114" level="INFO">Pressing special key DELETE down.</msg>
<msg timestamp="20220924 16:29:00.114" level="INFO">Releasing special key CONTROL.</msg>
<msg timestamp="20220924 16:29:00.114" level="INFO">Releasing special key DELETE.</msg>
<msg timestamp="20220924 16:29:00.246" level="INFO">Sending keys deletelater_shouldbedeleted</msg>
<status status="PASS" starttime="20220924 16:28:59.569" endtime="20220924 16:29:00.740"/>
</kw>
<kw name="Click Element" library="SeleniumLibrary">
<arg>${create_button}</arg>
<doc>Click the element identified by ``locator``.</doc>
<msg timestamp="20220924 16:29:00.741" level="INFO">Clicking element '//button[@class='dc-btn dc-btn__effect dc-btn--primary dc-btn__large dc-btn__button-group da-api-token__button']'.</msg>
<status status="PASS" starttime="20220924 16:29:00.741" endtime="20220924 16:29:01.070"/>
</kw>
<status status="PASS" starttime="20220924 16:28:56.685" endtime="20220924 16:29:01.070"/>
</test>
<test id="s1-t8" name="tc3c-verify if user can create token with valid input (below max)" line="92">
<kw name="Check Read Checkbox">
<kw name="Wait Until Page Contains Element" library="SeleniumLibrary">
<arg>${read_container}</arg>
<doc>Waits until the element ``locator`` appears on the current page.</doc>
<status status="PASS" starttime="20220924 16:29:01.072" endtime="20220924 16:29:01.209"/>
</kw>
<kw name="Sleep" library="BuiltIn">
<arg>1</arg>
<doc>Pauses the test executed for the given time.</doc>
<msg timestamp="20220924 16:29:02.210" level="INFO">Slept 1 second</msg>
<status status="PASS" starttime="20220924 16:29:01.210" endtime="20220924 16:29:02.210"/>
</kw>
<kw name="Click Element" library="SeleniumLibrary">
<arg>${read_container}</arg>
<doc>Click the element identified by ``locator``.</doc>
<msg timestamp="20220924 16:29:02.211" level="INFO">Clicking element '//div[label/input[@name='read']]'.</msg>
<status status="PASS" starttime="20220924 16:29:02.211" endtime="20220924 16:29:02.522"/>
</kw>
<status status="PASS" starttime="20220924 16:29:01.071" endtime="20220924 16:29:02.522"/>
</kw>
<kw name="Check Payment Checkbox">
<kw name="Wait Until Page Contains Element" library="SeleniumLibrary">
<arg>${payment_container}</arg>
<doc>Waits until the element ``locator`` appears on the current page.</doc>
<status status="PASS" starttime="20220924 16:29:02.523" endtime="20220924 16:29:02.664"/>
</kw>
<kw name="Sleep" library="BuiltIn">
<arg>1</arg>
<doc>Pauses the test executed for the given time.</doc>
<msg timestamp="20220924 16:29:03.665" level="INFO">Slept 1 second</msg>
<status status="PASS" starttime="20220924 16:29:02.665" endtime="20220924 16:29:03.665"/>
</kw>
<kw name="Click Element" library="SeleniumLibrary">
<arg>${payment_container}</arg>
<doc>Click the element identified by ``locator``.</doc>
<msg timestamp="20220924 16:29:03.666" level="INFO">Clicking element '//div[label/input[@name='payments']]'.</msg>
<status status="PASS" starttime="20220924 16:29:03.666" endtime="20220924 16:29:03.966"/>
</kw>
<status status="PASS" starttime="20220924 16:29:02.522" endtime="20220924 16:29:03.967"/>
</kw>
<kw name="Press Keys" library="SeleniumLibrary">
<arg>${token_field}</arg>
<arg>CTRL+A+DELETE</arg>
<arg>a23456789012345678901234567890</arg>
<doc>Simulates the user pressing key(s) to an element or on the active browser.</doc>
<msg timestamp="20220924 16:29:03.968" level="INFO">Sending key(s) ('CTRL+A+DELETE', 'a23456789012345678901234567890') to //input[@name='token_name'] element.</msg>
<msg timestamp="20220924 16:29:04.513" level="INFO">Pressing special key CONTROL down.</msg>
<msg timestamp="20220924 16:29:04.513" level="INFO">Sending key A</msg>
<msg timestamp="20220924 16:29:04.513" level="INFO">Pressing special key DELETE down.</msg>
<msg timestamp="20220924 16:29:04.513" level="INFO">Releasing special key CONTROL.</msg>
<msg timestamp="20220924 16:29:04.513" level="INFO">Releasing special key DELETE.</msg>
<msg timestamp="20220924 16:29:04.648" level="INFO">Sending keys a23456789012345678901234567890</msg>
<status status="PASS" starttime="20220924 16:29:03.967" endtime="20220924 16:29:05.224"/>
</kw>
<kw name="Click Element" library="SeleniumLibrary">
<arg>${create_button}</arg>
<doc>Click the element identified by ``locator``.</doc>
<msg timestamp="20220924 16:29:05.225" level="INFO">Clicking element '//button[@class='dc-btn dc-btn__effect dc-btn--primary dc-btn__large dc-btn__button-group da-api-token__button']'.</msg>
<status status="PASS" starttime="20220924 16:29:05.224" endtime="20220924 16:29:05.552"/>
</kw>
<status status="PASS" starttime="20220924 16:29:01.071" endtime="20220924 16:29:05.553"/>
</test>
<test id="s1-t9" name="tc4-verify if user can create token with used name" line="100">
<kw name="Check Read Checkbox">
<kw name="Wait Until Page Contains Element" library="SeleniumLibrary">
<arg>${read_container}</arg>
<doc>Waits until the element ``locator`` appears on the current page.</doc>
<status status="PASS" starttime="20220924 16:29:05.556" endtime="20220924 16:29:05.695"/>
</kw>
<kw name="Sleep" library="BuiltIn">
<arg>1</arg>
<doc>Pauses the test executed for the given time.</doc>
<msg timestamp="20220924 16:29:06.696" level="INFO">Slept 1 second</msg>
<status status="PASS" starttime="20220924 16:29:05.696" endtime="20220924 16:29:06.696"/>
</kw>
<kw name="Click Element" library="SeleniumLibrary">
<arg>${read_container}</arg>
<doc>Click the element identified by ``locator``.</doc>
<msg timestamp="20220924 16:29:06.697" level="INFO">Clicking element '//div[label/input[@name='read']]'.</msg>
<status status="PASS" starttime="20220924 16:29:06.696" endtime="20220924 16:29:07.007"/>
</kw>
<status status="PASS" starttime="20220924 16:29:05.555" endtime="20220924 16:29:07.007"/>
</kw>
<kw name="Check Payment Checkbox">
<kw name="Wait Until Page Contains Element" library="SeleniumLibrary">
<arg>${payment_container}</arg>
<doc>Waits until the element ``locator`` appears on the current page.</doc>
<status status="PASS" starttime="20220924 16:29:07.008" endtime="20220924 16:29:07.148"/>
</kw>
<kw name="Sleep" library="BuiltIn">
<arg>1</arg>
<doc>Pauses the test executed for the given time.</doc>
<msg timestamp="20220924 16:29:08.149" level="INFO">Slept 1 second</msg>
<status status="PASS" starttime="20220924 16:29:07.148" endtime="20220924 16:29:08.149"/>
</kw>
<kw name="Click Element" library="SeleniumLibrary">
<arg>${payment_container}</arg>
<doc>Click the element identified by ``locator``.</doc>
<msg timestamp="20220924 16:29:08.150" level="INFO">Clicking element '//div[label/input[@name='payments']]'.</msg>
<status status="PASS" starttime="20220924 16:29:08.149" endtime="20220924 16:29:08.455"/>
</kw>
<status status="PASS" starttime="20220924 16:29:07.008" endtime="20220924 16:29:08.455"/>
</kw>
<kw name="Press Keys" library="SeleniumLibrary">
<arg>${token_field}</arg>
<arg>CTRL+A+DELETE</arg>
<arg>${valid1}</arg>
<doc>Simulates the user pressing key(s) to an element or on the active browser.</doc>
<msg timestamp="20220924 16:29:08.457" level="INFO">Sending key(s) ('CTRL+A+DELETE', 'test_1') to //input[@name='token_name'] element.</msg>
<msg timestamp="20220924 16:29:08.993" level="INFO">Pressing special key CONTROL down.</msg>
<msg timestamp="20220924 16:29:08.993" level="INFO">Sending key A</msg>
<msg timestamp="20220924 16:29:08.994" level="INFO">Pressing special key DELETE down.</msg>
<msg timestamp="20220924 16:29:08.994" level="INFO">Releasing special key CONTROL.</msg>
<msg timestamp="20220924 16:29:08.994" level="INFO">Releasing special key DELETE.</msg>
<msg timestamp="20220924 16:29:09.126" level="INFO">Sending keys test_1</msg>
<status status="PASS" starttime="20220924 16:29:08.456" endtime="20220924 16:29:09.358"/>
</kw>
<kw name="Click Element" library="SeleniumLibrary">
<arg>${create_button}</arg>
<doc>Click the element identified by ``locator``.</doc>
<msg timestamp="20220924 16:29:09.359" level="INFO">Clicking element '//button[@class='dc-btn dc-btn__effect dc-btn--primary dc-btn__large dc-btn__button-group da-api-token__button']'.</msg>
<status status="PASS" starttime="20220924 16:29:09.359" endtime="20220924 16:29:09.690"/>
</kw>
<status status="PASS" starttime="20220924 16:29:05.554" endtime="20220924 16:29:09.691"/>
</test>
<test id="s1-t10" name="tc5-verify if name in list = input name" line="107">
<kw name="Page Should Contain Element" library="SeleniumLibrary">
<arg>//tr/td/span[contains(string(),'${valid1}')]</arg>
<doc>Verifies that element ``locator`` is found on the current page.</doc>
<msg timestamp="20220924 16:29:09.838" level="INFO">Current page contains element '//tr/td/span[contains(string(),'test_1')]'.</msg>
<status status="PASS" starttime="20220924 16:29:09.692" endtime="20220924 16:29:09.838"/>
</kw>
<status status="PASS" starttime="20220924 16:29:09.691" endtime="20220924 16:29:09.838"/>
</test>
<test id="s1-t11" name="tc6-verify if names in list have correct corresponding scopes" line="111">
<kw name="Page Should Contain Element" library="SeleniumLibrary">
<arg>//tr[td/span[contains(string(),'${valid1}')] and td/div/div[contains(string(),'Read')]]</arg>
<doc>Verifies that element ``locator`` is found on the current page.</doc>
<msg timestamp="20220924 16:29:09.981" level="INFO">Current page contains element '//tr[td/span[contains(string(),'test_1')] and td/div/div[contains(string(),'Read')]]'.</msg>
<status status="PASS" starttime="20220924 16:29:09.839" endtime="20220924 16:29:09.981"/>
</kw>
<kw name="Page Should Contain Element" library="SeleniumLibrary">
<arg>//tr[td/span[contains(string(),'${valid1}')] and td/div[div[contains(string(),'Read')] and div[contains(string(),'Payment')]]]</arg>
<doc>Verifies that element ``locator`` is found on the current page.</doc>
<msg timestamp="20220924 16:29:10.115" level="INFO">Current page contains element '//tr[td/span[contains(string(),'test_1')] and td/div[div[contains(string(),'Read')] and div[contains(string(),'Payment')]]]'.</msg>
<status status="PASS" starttime="20220924 16:29:09.982" endtime="20220924 16:29:10.116"/>
</kw>
<status status="PASS" starttime="20220924 16:29:09.839" endtime="20220924 16:29:10.116"/>
</test>
<test id="s1-t12" name="tc7-verify api token in list is hashed" line="116">
<kw name="Page Should Not Contain Element" library="SeleniumLibrary">
<arg>//div[@class='da-api-token__clipboard-wrapper']/p</arg>
<doc>Verifies that element ``locator`` is not found on the current page.</doc>
<msg timestamp="20220924 16:29:10.286" level="INFO">Current page does not contain element '//div[@class='da-api-token__clipboard-wrapper']/p'.</msg>
<status status="PASS" starttime="20220924 16:29:10.124" endtime="20220924 16:29:10.286"/>
</kw>
<status status="PASS" starttime="20220924 16:29:10.121" endtime="20220924 16:29:10.286"/>
</test>
<test id="s1-t13" name="tc8-verify if unhide button is functioning" line="120">
<kw name="Click Element" library="SeleniumLibrary">
<arg>${visibility_icon}</arg>
<doc>Click the element identified by ``locator``.</doc>
<msg timestamp="20220924 16:29:10.287" level="INFO">Clicking element '//*[name()='svg' and @data-testid='dt_toggle_visibility_icon']'.</msg>
<status status="PASS" starttime="20220924 16:29:10.287" endtime="20220924 16:29:10.614"/>
</kw>
<kw name="Page Should Contain Element" library="SeleniumLibrary">
<arg>//div[@class='da-api-token__clipboard-wrapper']/p</arg>
<doc>Verifies that element ``locator`` is found on the current page.</doc>
<msg timestamp="20220924 16:29:10.752" level="INFO">Current page contains element '//div[@class='da-api-token__clipboard-wrapper']/p'.</msg>
<status status="PASS" starttime="20220924 16:29:10.615" endtime="20220924 16:29:10.752"/>
</kw>
<status status="PASS" starttime="20220924 16:29:10.287" endtime="20220924 16:29:10.753"/>
</test>
<test id="s1-t14" name="tc9a-verify delete button should pop up confirmation window" line="125">
<kw name="Click Element" library="SeleniumLibrary">
<arg>${delete_icon}</arg>
<doc>Click the element identified by ``locator``.</doc>
<msg timestamp="20220924 16:29:10.755" level="INFO">Clicking element '//*[name()='svg' and @data-testid='dt_token_delete_icon']'.</msg>
<status status="PASS" starttime="20220924 16:29:10.754" endtime="20220924 16:29:11.071"/>
</kw>
<kw name="Sleep" library="BuiltIn">
<arg>1</arg>
<doc>Pauses the test executed for the given time.</doc>
<msg timestamp="20220924 16:29:12.072" level="INFO">Slept 1 second</msg>
<status status="PASS" starttime="20220924 16:29:11.072" endtime="20220924 16:29:12.072"/>
</kw>
<kw name="Page Should Contain Element" library="SeleniumLibrary">
<arg>${popup_container}</arg>
<doc>Verifies that element ``locator`` is found on the current page.</doc>
<msg timestamp="20220924 16:29:12.221" level="INFO">Current page contains element '//div[@class='dc-modal__container dc-modal__container--small dc-modal__container--enter-done']'.</msg>
<status status="PASS" starttime="20220924 16:29:12.073" endtime="20220924 16:29:12.221"/>
</kw>
<status status="PASS" starttime="20220924 16:29:10.754" endtime="20220924 16:29:12.222"/>
</test>
<test id="s1-t15" name="tc9b-(from delete popup), click cancel should close the popup" line="129">
<kw name="Click Element" library="SeleniumLibrary">
<arg>${cancel_button}</arg>
<doc>Click the element identified by ``locator``.</doc>
<msg timestamp="20220924 16:29:12.224" level="INFO">Clicking element '//button[span[contains(string(),'Cancel')]]'.</msg>
<status status="PASS" starttime="20220924 16:29:12.224" endtime="20220924 16:29:12.541"/>
</kw>
<kw name="Sleep" library="BuiltIn">
<arg>1</arg>
<doc>Pauses the test executed for the given time.</doc>
<msg timestamp="20220924 16:29:13.542" level="INFO">Slept 1 second</msg>
<status status="PASS" starttime="20220924 16:29:12.542" endtime="20220924 16:29:13.542"/>
</kw>
<kw name="Page Should Not Contain Element" library="SeleniumLibrary">
<arg>${popup_container}</arg>
<doc>Verifies that element ``locator`` is not found on the current page.</doc>
<msg timestamp="20220924 16:29:13.681" level="INFO">Current page does not contain element '//div[@class='dc-modal__container dc-modal__container--small dc-modal__container--enter-done']'.</msg>
<status status="PASS" starttime="20220924 16:29:13.543" endtime="20220924 16:29:13.681"/>
</kw>
<status status="PASS" starttime="20220924 16:29:12.223" endtime="20220924 16:29:13.682"/>
</test>
<test id="s1-t16" name="tc9c-(from delete popup), click delete should delete and close the popup" line="133">
<kw name="Click Element" library="SeleniumLibrary">
<arg>//tr[td/span[contains(string(),'deletelater')]]/td[5]/div/div/div/*[name()='svg']</arg>
<doc>Click the element identified by ``locator``.</doc>
<msg timestamp="20220924 16:29:13.684" level="INFO">Clicking element '//tr[td/span[contains(string(),'deletelater')]]/td[5]/div/div/div/*[name()='svg']'.</msg>
<status status="PASS" starttime="20220924 16:29:13.683" endtime="20220924 16:29:13.990"/>
</kw>
<kw name="Sleep" library="BuiltIn">
<arg>1</arg>
<doc>Pauses the test executed for the given time.</doc>
<msg timestamp="20220924 16:29:14.991" level="INFO">Slept 1 second</msg>
<status status="PASS" starttime="20220924 16:29:13.991" endtime="20220924 16:29:14.991"/>
</kw>
<kw name="Click Element" library="SeleniumLibrary">
<arg>${delete_button}</arg>
<doc>Click the element identified by ``locator``.</doc>
<msg timestamp="20220924 16:29:14.992" level="INFO">Clicking element '//button[span[contains(string(),'delete')]]'.</msg>
<status status="PASS" starttime="20220924 16:29:14.992" endtime="20220924 16:29:15.321"/>
</kw>
<kw name="Sleep" library="BuiltIn">
<arg>3</arg>
<doc>Pauses the test executed for the given time.</doc>
<msg timestamp="20220924 16:29:18.323" level="INFO">Slept 3 seconds</msg>
<status status="PASS" starttime="20220924 16:29:15.322" endtime="20220924 16:29:18.323"/>
</kw>
<kw name="Page Should Not Contain Element" library="SeleniumLibrary">
<arg>${popup_container}</arg>
<doc>Verifies that element ``locator`` is not found on the current page.</doc>
<msg timestamp="20220924 16:29:18.461" level="INFO">Current page does not contain element '//div[@class='dc-modal__container dc-modal__container--small dc-modal__container--enter-done']'.</msg>
<status status="PASS" starttime="20220924 16:29:18.323" endtime="20220924 16:29:18.461"/>
</kw>
<status status="PASS" starttime="20220924 16:29:13.682" endtime="20220924 16:29:18.461"/>
</test>
<test id="s1-t17" name="tc10-verify copy paste function" line="139">
<kw name="Click Element" library="SeleniumLibrary">
<arg>//tr[td/span[contains(string(),'a23')]]/td[2]/div/div/div/div/*[name()='svg' and @data-testid='dt_copy_token_icon']</arg>
<doc>Click the element identified by ``locator``.</doc>
<msg timestamp="20220924 16:29:18.463" level="INFO">Clicking element '//tr[td/span[contains(string(),'a23')]]/td[2]/div/div/div/div/*[name()='svg' and @data-testid='dt_copy_token_icon']'.</msg>
<status status="PASS" starttime="20220924 16:29:18.463" endtime="20220924 16:29:18.790"/>
</kw>
<kw name="Press Keys" library="SeleniumLibrary">
<arg>${token_field}</arg>
<arg>CTRL+A</arg>
<arg>CTRL+V</arg>
<doc>Simulates the user pressing key(s) to an element or on the active browser.</doc>
<msg timestamp="20220924 16:29:18.792" level="INFO">Sending key(s) ('CTRL+A', 'CTRL+V') to //input[@name='token_name'] element.</msg>
<msg timestamp="20220924 16:29:19.333" level="INFO">Pressing special key CONTROL down.</msg>
<msg timestamp="20220924 16:29:19.333" level="INFO">Sending key A</msg>
<msg timestamp="20220924 16:29:19.333" level="INFO">Releasing special key CONTROL.</msg>
<msg timestamp="20220924 16:29:19.477" level="INFO">Pressing special key CONTROL down.</msg>
<msg timestamp="20220924 16:29:19.477" level="INFO">Sending key V</msg>
<msg timestamp="20220924 16:29:19.477" level="INFO">Releasing special key CONTROL.</msg>
<status status="PASS" starttime="20220924 16:29:18.791" endtime="20220924 16:29:19.656"/>
</kw>
<kw name="Get Element Attribute" library="SeleniumLibrary">
<var>${pasted_value}</var>
<arg>${token_field}</arg>
<arg>value</arg>
<doc>Returns the value of ``attribute`` from the element ``locator``.</doc>
<msg timestamp="20220924 16:29:19.945" level="INFO">${pasted_value} = Gaah7uXEDiHV6Up</msg>
<status status="PASS" starttime="20220924 16:29:19.657" endtime="20220924 16:29:19.945"/>
</kw>
<kw name="Get Text" library="SeleniumLibrary">
<var>${copied_value}</var>
<arg>//tr[td/span[contains(string(),'a23')]]/td[2]/div/p</arg>
<doc>Returns the text value of the element identified by ``locator``.</doc>
<msg timestamp="20220924 16:29:20.240" level="INFO">${copied_value} = Gaah7uXEDiHV6Up</msg>
<status status="PASS" starttime="20220924 16:29:19.945" endtime="20220924 16:29:20.240"/>
</kw>
<kw name="Should Be Equal As Strings" library="BuiltIn">
<arg>${pasted_value}</arg>
<arg>${copied_value}</arg>
<doc>Fails if objects are unequal after converting them to strings.</doc>
<status status="PASS" starttime="20220924 16:29:20.241" endtime="20220924 16:29:20.241"/>
</kw>
<status status="PASS" starttime="20220924 16:29:18.462" endtime="20220924 16:29:20.242"/>
</test>
<status status="PASS" starttime="20220924 16:28:37.648" endtime="20220924 16:29:20.243"/>
</suite>
<statistics>
<total>
<stat pass="17" fail="0" skip="0">All Tests</stat>
</total>
<tag>
</tag>
<suite>
<stat pass="17" fail="0" skip="0" id="s1" name="Test">Test</stat>
</suite>
</statistics>
<errors>
</errors>
</robot>
