<?xml version="1.0" encoding="UTF-8"?>
<robot generator="Robot 5.0.1 (Python 3.8.10 on linux)" generated="20220923 06:36:39.558" rpa="false" schemaversion="3">
<suite id="s1" name="Qa-Apipage" source="/home/amir/qa-apipage">
<suite id="s1-s1" name="Test" source="/home/amir/qa-apipage/test.robot">
<test id="s1-s1-t1" name="tc2c-verify if user can press 'create' button with invalid token name 3 (symbols), 1 box selected" line="79">
<kw name="Press Keys" library="SeleniumLibrary">
<arg>${token_field}</arg>
<arg>CTRL+A+DELETE</arg>
<arg>${invalid3}</arg>
<doc>Simulates the user pressing key(s) to an element or on the active browser.</doc>
<msg timestamp="20220923 06:36:39.657" level="INFO">Sending key(s) ('CTRL+A+DELETE', 'test_!@#') to //input[@name='token_name'] element.</msg>
<msg timestamp="20220923 06:36:39.658" level="INFO">Cannot capture screenshot because no browser is open.</msg>
<msg timestamp="20220923 06:36:39.660" level="FAIL">No browser is open.</msg>
<status status="FAIL" starttime="20220923 06:36:39.657" endtime="20220923 06:36:39.661"/>
</kw>
<kw name="Page Should Contain Element" library="SeleniumLibrary">
<arg>${disbaled_create_button}</arg>
<doc>Verifies that element ``locator`` is found on the current page.</doc>
<status status="NOT RUN" starttime="20220923 06:36:39.662" endtime="20220923 06:36:39.662"/>
</kw>
<status status="FAIL" starttime="20220923 06:36:39.655" endtime="20220923 06:36:39.663">No browser is open.</status>
</test>
<status status="FAIL" starttime="20220923 06:36:39.579" endtime="20220923 06:36:39.664"/>
</suite>
<status status="FAIL" starttime="20220923 06:36:39.564" endtime="20220923 06:36:39.666"/>
</suite>
<statistics>
<total>
<stat pass="0" fail="1" skip="0">All Tests</stat>
</total>
<tag>
</tag>
<suite>
<stat pass="0" fail="1" skip="0" id="s1" name="Qa-Apipage">Qa-Apipage</stat>
<stat pass="0" fail="1" skip="0" id="s1-s1" name="Test">Qa-Apipage.Test</stat>
</suite>
</statistics>
<errors>
</errors>
</robot>
